2026-01-22 11:59:40,266 - INFO - [ETL Pipeline] Start...
2026-01-22 11:59:40,266 - INFO - [Extract] Requesting data from Riot API...
2026-01-22 11:59:40,815 - INFO - [Extract] Saved raw data to: data/raw/challenger_data.json
2026-01-22 11:59:40,815 - INFO - [Transform] Start processing...
2026-01-22 11:59:40,831 - INFO - [Integrity] Imputed missing values using KNN (k=5)
2026-01-22 11:59:40,835 - INFO - [Transform] Completed: data/processed/cleaned_data.csv
2026-01-22 11:59:40,882 - INFO - ✅ [Load] DB 적재 완료! (Table: users, Rows: 300)
2026-01-22 11:59:40,882 - INFO - [ETL Pipeline] Success! All jobs completed.
2026-01-22 12:00:48,136 - INFO - [ETL Pipeline] Start...
2026-01-22 12:00:48,136 - INFO - [Extract] Requesting data from Riot API...
2026-01-22 12:00:48,704 - INFO - [Extract] Saved raw data to: data/raw/challenger_data.json
2026-01-22 12:00:48,704 - INFO - [Transform] Start processing...
2026-01-22 12:00:48,714 - INFO - [Integrity] Imputed missing values using KNN (k=5)
2026-01-22 12:00:48,719 - INFO - [Transform] Completed: data/processed/cleaned_data.csv
2026-01-22 12:00:48,723 - INFO - [Load] Data loaded to DB successfully (Table: users, Rows: 300)
2026-01-22 12:00:48,723 - INFO - [ETL Pipeline] Success! All jobs completed.
2026-01-22 12:05:45,547 - INFO - ========== [ETL Pipeline] Started ==========
2026-01-22 12:05:45,548 - INFO - [Extract] Requesting data from Riot API...
2026-01-22 12:05:46,071 - INFO - [Extract] Raw data saved successfully: data/raw/challenger_data.json
2026-01-22 12:05:46,071 - INFO - [Transform] Start processing pipeline...
2026-01-22 12:05:46,080 - INFO - [Integrity] Imputed missing values using KNN (k=5)
2026-01-22 12:05:46,086 - INFO - [Transform] Data cleaning completed: data/processed/cleaned_data.csv
2026-01-22 12:05:46,092 - INFO - [Load] Successfully loaded 300 records into 'users' table.
2026-01-22 12:05:46,092 - INFO - ========== [ETL Pipeline] Completed Successfully ==========
2026-01-22 12:09:21,075 - INFO - ========== [ETL Pipeline] Started ==========
2026-01-22 12:09:21,075 - INFO - [Extract] Requesting data from Riot API...
2026-01-22 12:09:21,640 - INFO - [Extract] Raw data saved successfully: data/raw/challenger_data.json
2026-01-22 12:09:21,641 - INFO - [Transform] Start processing pipeline...
2026-01-22 12:09:21,649 - INFO - [Integrity] Imputed missing values using KNN (k=5)
2026-01-22 12:09:21,653 - INFO - [Transform] Data cleaning completed: data/processed/cleaned_data.csv
2026-01-22 12:09:21,665 - INFO - [Load] Successfully loaded 300 records into 'users' table.
2026-01-22 12:09:21,666 - INFO - ========== [ETL Pipeline] Completed Successfully ==========
