2026-01-22 18:06:49,856 - INFO - ETL Pipeline Started...
2026-01-22 18:06:50,711 - INFO - Step 1: Extracting data from Riot API...
2026-01-22 18:06:51,208 - INFO - Step 2: Transforming data...
2026-01-22 18:06:51,227 - INFO - Step 3: Loading data into Database...
2026-01-22 18:06:51,227 - INFO - [Load] Starting data loading to SQLite...
2026-01-22 18:06:51,254 - INFO - [Load] Successfully loaded 300 rows into 'data/lol_data.db'.
2026-01-22 18:06:51,254 - INFO - ETL Pipeline Completed Successfully.
2026-01-22 18:34:34,459 - INFO - ETL Pipeline Started...
2026-01-22 18:34:36,097 - INFO - Step 1: Extracting data from Riot API...
2026-01-22 18:34:37,036 - INFO - Step 2: Transforming data...
2026-01-22 18:34:37,075 - INFO - Step 3: Loading data into Database...
2026-01-22 18:34:37,075 - INFO - [Load] Starting data loading to SQLite...
2026-01-22 18:34:37,115 - INFO - [Load] Successfully loaded 300 rows into 'data/lol_data.db'.
2026-01-22 18:34:37,115 - INFO - ETL Pipeline Completed Successfully.
2026-01-22 20:39:18,542 - INFO - ETL Pipeline Started...
2026-01-22 20:39:19,391 - INFO - Step 1: Extracting data from Riot API...
2026-01-22 20:39:19,992 - INFO - Step 2: Transforming data...
2026-01-22 20:39:20,013 - INFO - Step 3: Loading data into Database...
2026-01-22 20:39:20,013 - INFO - [Load] Starting data loading to SQLite...
2026-01-22 20:39:20,028 - INFO - [Load] Successfully loaded 300 rows into 'data/lol_data.db'.
2026-01-22 20:39:20,028 - INFO - ETL Pipeline Completed Successfully.
